{"logTime": "0126/202002", "correlationVector":"D94vlVJ1+dT+nFMLC/Urd+.1","action":"SyncServerConnectionManagerRequest", "result":"SYNC_SERVER_OK", "context":{"environment":"Prod_SoutheastAsia_000j", "migrationStage":"NotStarted", "server":"GENERAL01000019"}}
{"logTime": "0126/202002", "correlationVector":"D94vlVJ1+dT+nFMLC/Urd+","action":"Initial GetUpdates", "result":"", "context":Reason: NEW_CLIENT. cV=D94vlVJ1+dT+nFMLC/Urd+}
{"logTime": "0126/202002", "correlationVector":"D94vlVJ1+dT+nFMLC/Urd+.2","action":"GetUpdates Response", "result":"SYNCER_OK", "context":Received 1 update(s). cV=D94vlVJ1+dT+nFMLC/Urd+.0;server=GENERAL01000019;cloudType=Consumer;environment=Prod_SoutheastAsia_000j;migrationStage=NotStarted}
{"logTime": "0126/202002", "correlationVector":"6xM2VCji6SrVli4rv2XO9G","action":"SyncServerConnectionManagerRequest", "result":"SYNC_SERVER_OK", "context":{"environment":"", "migrationStage":"", "server":""}}
{"logTime": "0126/202002", "correlationVector":"P6d3fEvINV1QMcBtSaMxMq","action":"Initial GetUpdates", "result":"", "context":Reason: NEW_CLIENT. cV=P6d3fEvINV1QMcBtSaMxMq}
{"logTime": "0126/202002", "correlationVector":"P6d3fEvINV1QMcBtSaMxMq.1","action":"SyncServerConnectionManagerRequest", "result":"SYNC_SERVER_OK", "context":{"environment":"Prod_SoutheastAsia_000j", "migrationStage":"NotStarted", "server":"GENERAL01000012"}}
{"logTime": "0126/202002", "correlationVector":"P6d3fEvINV1QMcBtSaMxMq.2","action":"GetUpdates Response", "result":"SYNCER_OK", "context":Received 5 update(s). cV=P6d3fEvINV1QMcBtSaMxMq.0;server=GENERAL01000012;cloudType=Consumer;environment=Prod_SoutheastAsia_000j;migrationStage=NotStarted}
{"logTime": "0126/202002", "correlationVector":"FVFkE0ouuunVjBkRdWOqmN","action":"Normal GetUpdate request", "result":"", "context":cV=FVFkE0ouuunVjBkRdWOqmN
Nudged types: Device Info, User Consents
Refresh requested types: Device Info, User Consents, Send Tab To Self, Encryption Keys}
{"logTime": "0126/202002", "correlationVector":"FVFkE0ouuunVjBkRdWOqmN.1","action":"SyncServerConnectionManagerRequest", "result":"SYNC_SERVER_OK", "context":{"environment":"Prod_SoutheastAsia_000j", "migrationStage":"NotStarted", "server":"GENERAL03000027"}}
{"logTime": "0126/202002", "correlationVector":"FVFkE0ouuunVjBkRdWOqmN.2","action":"GetUpdates Response", "result":"SYNCER_OK", "context":Received 0 update(s). cV=FVFkE0ouuunVjBkRdWOqmN.0;server=GENERAL03000027;cloudType=Consumer;environment=Prod_SoutheastAsia_000j;migrationStage=NotStarted}
{"logTime": "0126/202002", "correlationVector":"UoL43cbyxNH5a+s/qBnoQn","action":"Commit Request", "result":"", "context":Item count: 1
Contributing types: Device Info}
{"logTime": "0126/202002", "correlationVector":"UoL43cbyxNH5a+s/qBnoQn.1","action":"SyncServerConnectionManagerRequest", "result":"SYNC_SERVER_OK", "context":{"environment":"Prod_SoutheastAsia_000j", "migrationStage":"NotStarted", "server":"GENERAL01000008"}}
{"logTime": "0126/202002", "correlationVector":"UoL43cbyxNH5a+s/qBnoQn.2","action":"Commit Response", "result":"SYNCER_OK", "context":Result: SYNCER_OK. cV=UoL43cbyxNH5a+s/qBnoQn.0;server=GENERAL01000008;cloudType=Consumer;environment=Prod_SoutheastAsia_000j;migrationStage=NotStarted}
{"logTime": "0126/202002", "correlationVector":"EM79d4mAE0VkClXEtd2MoR","action":"Commit Request", "result":"", "context":Item count: 1
Contributing types: User Consents}
{"logTime": "0126/202002", "correlationVector":"EM79d4mAE0VkClXEtd2MoR.1","action":"SyncServerConnectionManagerRequest", "result":"SYNC_SERVER_OK", "context":{"environment":"Prod_SoutheastAsia_000j", "migrationStage":"NotStarted", "server":"GENERAL01000017"}}
{"logTime": "0126/202002", "correlationVector":"EM79d4mAE0VkClXEtd2MoR.2","action":"Commit Response", "result":"SYNCER_OK", "context":Result: SYNCER_OK. cV=EM79d4mAE0VkClXEtd2MoR.0;server=GENERAL01000017;cloudType=Consumer;environment=Prod_SoutheastAsia_000j;migrationStage=NotStarted}
{"logTime": "0126/202002", "correlationVector":"iD7sXODRo/KKaZ6L8TEVW/","action":"Normal GetUpdate request", "result":"", "context":cV=iD7sXODRo/KKaZ6L8TEVW/
Nudged types: Device Info}
{"logTime": "0126/202002", "correlationVector":"iD7sXODRo/KKaZ6L8TEVW/.1","action":"SyncServerConnectionManagerRequest", "result":"SYNC_SERVER_OK", "context":{"environment":"Prod_SoutheastAsia_000j", "migrationStage":"NotStarted", "server":"GENERAL0100000I"}}
{"logTime": "0126/202002", "correlationVector":"iD7sXODRo/KKaZ6L8TEVW/.2","action":"GetUpdates Response", "result":"SYNCER_OK", "context":Received 1 update(s). cV=iD7sXODRo/KKaZ6L8TEVW/.0;server=GENERAL0100000I;cloudType=Consumer;environment=Prod_SoutheastAsia_000j;migrationStage=NotStarted}
{"logTime": "0126/202457", "correlationVector":"/JSKq3v1m3GKXmJcJN7vvH","action":"Normal GetUpdate request", "result":"", "context":cV=/JSKq3v1m3GKXmJcJN7vvH
Refresh requested types: Device Info, User Consents, Send Tab To Self, Encryption Keys}
{"logTime": "0126/202457", "correlationVector":"/JSKq3v1m3GKXmJcJN7vvH.1","action":"SyncServerConnectionManagerRequest", "result":"SYNC_SERVER_OK", "context":{"environment":"Prod_SoutheastAsia_000j", "migrationStage":"NotStarted", "server":"GENERAL03000006"}}
{"logTime": "0126/202457", "correlationVector":"/JSKq3v1m3GKXmJcJN7vvH.2","action":"GetUpdates Response", "result":"SYNCER_OK", "context":Received 0 update(s). cV=/JSKq3v1m3GKXmJcJN7vvH.0;server=GENERAL03000006;cloudType=Consumer;environment=Prod_SoutheastAsia_000j;migrationStage=NotStarted}
{"logTime": "0126/235407", "correlationVector":"PvTdfHeESj8iDhVR7pdfRA.1","action":"SyncServerConnectionManagerRequest", "result":"SYNC_SERVER_OK", "context":{"environment":"Prod_SoutheastAsia_000j", "migrationStage":"NotStarted", "server":"GENERAL0100001D"}}
{"logTime": "0126/235407", "correlationVector":"PvTdfHeESj8iDhVR7pdfRA","action":"Initial GetUpdates", "result":"", "context":Reason: NEW_CLIENT. cV=PvTdfHeESj8iDhVR7pdfRA}
{"logTime": "0126/235407", "correlationVector":"PvTdfHeESj8iDhVR7pdfRA.2","action":"GetUpdates Response", "result":"SYNCER_OK", "context":Received 1 update(s). cV=PvTdfHeESj8iDhVR7pdfRA.0;server=GENERAL0100001D;cloudType=Consumer;environment=Prod_SoutheastAsia_000j;migrationStage=NotStarted}
{"logTime": "0126/235407", "correlationVector":"v/Xh+03DLARIped3dsFHZ+","action":"Normal GetUpdate request", "result":"", "context":cV=v/Xh+03DLARIped3dsFHZ+
Refresh requested types: Device Info, User Consents, Send Tab To Self, Encryption Keys}
{"logTime": "0126/235407", "correlationVector":"v/Xh+03DLARIped3dsFHZ+.1","action":"SyncServerConnectionManagerRequest", "result":"SYNC_SERVER_OK", "context":{"environment":"Prod_SoutheastAsia_000j", "migrationStage":"NotStarted", "server":"GENERAL03000011"}}
{"logTime": "0126/235408", "correlationVector":"v/Xh+03DLARIped3dsFHZ+.2","action":"GetUpdates Response", "result":"SYNCER_OK", "context":Received 0 update(s). cV=v/Xh+03DLARIped3dsFHZ+.0;server=GENERAL03000011;cloudType=Consumer;environment=Prod_SoutheastAsia_000j;migrationStage=NotStarted}
{"logTime": "0126/235410", "correlationVector":"b0IvG/IcdKGgYgESOea9/v","action":"SyncServerConnectionManagerRequest", "result":"SYNC_SERVER_OK", "context":{"environment":"", "migrationStage":"", "server":""}}
{"logTime": "0126/235410", "correlationVector":"KzaCH787DLAKgDvGhtXCUB","action":"Initial GetUpdates", "result":"", "context":Reason: RECONFIGURATION. cV=KzaCH787DLAKgDvGhtXCUB}
{"logTime": "0126/235411", "correlationVector":"KzaCH787DLAKgDvGhtXCUB.1","action":"SyncServerConnectionManagerRequest", "result":"SYNC_SERVER_OK", "context":{"environment":"Prod_SoutheastAsia_000j", "migrationStage":"NotStarted", "server":"GENERAL0300002C"}}
{"logTime": "0126/235411", "correlationVector":"KzaCH787DLAKgDvGhtXCUB.2","action":"GetUpdates Response", "result":"SYNCER_OK", "context":Received 153 update(s). cV=KzaCH787DLAKgDvGhtXCUB.0;server=GENERAL0300002C;cloudType=Consumer;environment=Prod_SoutheastAsia_000j;migrationStage=NotStarted}
{"logTime": "0126/235411", "correlationVector":"+2J1folxTjuy5Dx4ULg8NW","action":"Initial GetUpdates", "result":"", "context":Reason: NEWLY_SUPPORTED_DATATYPE. cV=+2J1folxTjuy5Dx4ULg8NW}
{"logTime": "0126/235411", "correlationVector":"+2J1folxTjuy5Dx4ULg8NW.1","action":"SyncServerConnectionManagerRequest", "result":"SYNC_SERVER_OK", "context":{"environment":"Prod_SoutheastAsia_000j", "migrationStage":"NotStarted", "server":"GENERAL0100001D"}}
{"logTime": "0126/235411", "correlationVector":"+2J1folxTjuy5Dx4ULg8NW.2","action":"GetUpdates Response", "result":"SYNCER_OK", "context":Received 11 update(s). cV=+2J1folxTjuy5Dx4ULg8NW.0;server=GENERAL0100001D;cloudType=Consumer;environment=Prod_SoutheastAsia_000j;migrationStage=NotStarted}
{"logTime": "0126/235411", "correlationVector":"xBGZnUUrdh8ZlUYyL677vl","action":"Initial GetUpdates", "result":"", "context":Reason: NEWLY_SUPPORTED_DATATYPE. cV=xBGZnUUrdh8ZlUYyL677vl}
{"logTime": "0126/235412", "correlationVector":"xBGZnUUrdh8ZlUYyL677vl.1","action":"SyncServerConnectionManagerRequest", "result":"SYNC_SERVER_OK", "context":{"environment":"Prod_SoutheastAsia_000j", "migrationStage":"NotStarted", "server":"GENERAL0300000X"}}
{"logTime": "0126/235412", "correlationVector":"xBGZnUUrdh8ZlUYyL677vl.2","action":"GetUpdates", "result":"DeleteReceived", "context":{"id":"ab80ac18-2f72-4d51-9acf-67a9c7ef9180", "isDeleted:":"true", "version":"1699796748253"}}
{"logTime": "0126/235412", "correlationVector":"xBGZnUUrdh8ZlUYyL677vl.3","action":"GetUpdates", "result":"DeleteReceived", "context":{"id":"27880663-b8f2-4eec-848a-db15a1fa40c7", "isDeleted:":"true", "version":"1700139352212"}}
{"logTime": "0126/235412", "correlationVector":"xBGZnUUrdh8ZlUYyL677vl.4","action":"GetUpdates", "result":"DeleteReceived", "context":{"id":"bbc11d8a-446c-4f3b-8068-1f1f3595d8dd", "isDeleted:":"true", "version":"1700560313959"}}
{"logTime": "0126/235412", "correlationVector":"xBGZnUUrdh8ZlUYyL677vl.5","action":"GetUpdates", "result":"DeleteReceived", "context":{"id":"3ebbd36e-ed26-4378-9f27-1079f0f5e563", "isDeleted:":"true", "version":"1702180891042"}}
{"logTime": "0126/235412", "correlationVector":"xBGZnUUrdh8ZlUYyL677vl.6","action":"GetUpdates", "result":"DeleteReceived", "context":{"id":"4a4ee5fe-82b0-4da9-baee-be9d0fa6e48f", "isDeleted:":"true", "version":"1704353754371"}}
{"logTime": "0126/235412", "correlationVector":"xBGZnUUrdh8ZlUYyL677vl.7","action":"GetUpdates", "result":"DeleteReceived", "context":{"id":"e02345f1-ad66-4d92-84a6-c31308f320e5", "isDeleted:":"true", "version":"1705467299272"}}
{"logTime": "0126/235412", "correlationVector":"xBGZnUUrdh8ZlUYyL677vl.8","action":"GetUpdates Response", "result":"SYNCER_OK", "context":Received 15 update(s). cV=xBGZnUUrdh8ZlUYyL677vl.0;server=GENERAL0300000X;cloudType=Consumer;environment=Prod_SoutheastAsia_000j;migrationStage=NotStarted}
{"logTime": "0126/235412", "correlationVector":"BiUDLEJx4fVQ6kzvaSOiOs","action":"Normal GetUpdate request", "result":"", "context":cV=BiUDLEJx4fVQ6kzvaSOiOs
Nudged types: Bookmarks, Passwords, Sessions, Device Info
Refresh requested types: Bookmarks, Preferences, Passwords, Autofill Profiles, Autofill, Autofill Custom Data, Typed URLs, Extensions, Sessions, Extension settings, History Delete Directives, Device Info, User Consents, Send Tab To Self, Web Apps, Collection, Edge E Drop, Edge Hub App Usage, Edge Wallet, Encryption Keys}
{"logTime": "0126/235412", "correlationVector":"BiUDLEJx4fVQ6kzvaSOiOs.1","action":"SyncServerConnectionManagerRequest", "result":"SYNC_SERVER_OK", "context":{"environment":"Prod_SoutheastAsia_000j", "migrationStage":"NotStarted", "server":"GENERAL0300002C"}}
{"logTime": "0126/235412", "correlationVector":"BiUDLEJx4fVQ6kzvaSOiOs.2","action":"GetUpdates Response", "result":"SYNCER_OK", "context":Received 0 update(s). cV=BiUDLEJx4fVQ6kzvaSOiOs.0;server=GENERAL0300002C;cloudType=Consumer;environment=Prod_SoutheastAsia_000j;migrationStage=NotStarted}
{"logTime": "0126/235412", "correlationVector":"ZUoD2P+83x2uI4d5Xg7RgS","action":"Commit Request", "result":"", "context":Item count: 20
Contributing types: Passwords}
{"logTime": "0126/235413", "correlationVector":"ZUoD2P+83x2uI4d5Xg7RgS.1","action":"SyncServerConnectionManagerRequest", "result":"SYNC_SERVER_OK", "context":{"environment":"Prod_SoutheastAsia_000j", "migrationStage":"NotStarted", "server":"GENERAL01000016"}}
{"logTime": "0126/235413", "correlationVector":"ZUoD2P+83x2uI4d5Xg7RgS.2","action":"Commit Response", "result":"SYNCER_OK", "context":Result: SYNCER_OK. cV=ZUoD2P+83x2uI4d5Xg7RgS.0;server=GENERAL01000016;cloudType=Consumer;environment=Prod_SoutheastAsia_000j;migrationStage=NotStarted}
{"logTime": "0126/235413", "correlationVector":"NfzCv09LOPDp+bguCOY4iE","action":"Commit Request", "result":"", "context":Item count: 16
Contributing types: Passwords, Device Info}
{"logTime": "0126/235414", "correlationVector":"NfzCv09LOPDp+bguCOY4iE.1","action":"SyncServerConnectionManagerRequest", "result":"SYNC_SERVER_OK", "context":{"environment":"Prod_SoutheastAsia_000j", "migrationStage":"NotStarted", "server":"GENERAL0100001K"}}
{"logTime": "0126/235414", "correlationVector":"NfzCv09LOPDp+bguCOY4iE.2","action":"Commit Response", "result":"SYNCER_OK", "context":Result: SYNCER_OK. cV=NfzCv09LOPDp+bguCOY4iE.0;server=GENERAL0100001K;cloudType=Consumer;environment=Prod_SoutheastAsia_000j;migrationStage=NotStarted}
{"logTime": "0126/235414", "correlationVector":"l4Dn3GWNPXZgqzU2GYX8SK","action":"Commit Request", "result":"", "context":Item count: 8
Contributing types: Bookmarks, Sessions}
{"logTime": "0126/235415", "correlationVector":"l4Dn3GWNPXZgqzU2GYX8SK.1","action":"SyncServerConnectionManagerRequest", "result":"SYNC_SERVER_OK", "context":{"environment":"Prod_SoutheastAsia_000j", "migrationStage":"NotStarted", "server":"GENERAL01000000"}}
{"logTime": "0126/235415", "correlationVector":"l4Dn3GWNPXZgqzU2GYX8SK.2","action":"Commit Response", "result":"SYNCER_OK", "context":Result: SYNCER_OK. cV=l4Dn3GWNPXZgqzU2GYX8SK.0;server=GENERAL01000000;cloudType=Consumer;environment=Prod_SoutheastAsia_000j;migrationStage=NotStarted}
{"logTime": "0126/235818", "correlationVector":"ITJuOBJjN8ug+rlqRaj6AO","action":"Normal GetUpdate request", "result":"", "context":cV=ITJuOBJjN8ug+rlqRaj6AO
Nudged types: Preferences
Refresh requested types: Bookmarks, Preferences, Passwords, Autofill Profiles, Autofill, Autofill Custom Data, Typed URLs, Extensions, Sessions, Extension settings, History Delete Directives, Device Info, User Consents, Send Tab To Self, Web Apps, Collection, Edge E Drop, Edge Hub App Usage, Edge Wallet, Encryption Keys}
{"logTime": "0126/235818", "correlationVector":"ITJuOBJjN8ug+rlqRaj6AO.1","action":"SyncServerConnectionManagerRequest", "result":"SYNC_SERVER_OK", "context":{"environment":"Prod_SoutheastAsia_000j", "migrationStage":"NotStarted", "server":"GENERAL0100001E"}}
{"logTime": "0126/235818", "correlationVector":"ITJuOBJjN8ug+rlqRaj6AO.2","action":"GetUpdates Response", "result":"SYNCER_OK", "context":Received 44 update(s). cV=ITJuOBJjN8ug+rlqRaj6AO.0;server=GENERAL0100001E;cloudType=Consumer;environment=Prod_SoutheastAsia_000j;migrationStage=NotStarted}
{"logTime": "0126/235819", "correlationVector":"DF+gQdqojqxxAfEmEeYgzQ","action":"Commit Request", "result":"", "context":Item count: 1
Contributing types: Preferences}
{"logTime": "0126/235819", "correlationVector":"DF+gQdqojqxxAfEmEeYgzQ.1","action":"SyncServerConnectionManagerRequest", "result":"SYNC_SERVER_OK", "context":{"environment":"Prod_SoutheastAsia_000j", "migrationStage":"NotStarted", "server":"GENERAL01000008"}}
{"logTime": "0126/235819", "correlationVector":"DF+gQdqojqxxAfEmEeYgzQ.2","action":"Commit Response", "result":"SYNCER_OK", "context":Result: SYNCER_OK. cV=DF+gQdqojqxxAfEmEeYgzQ.0;server=GENERAL01000008;cloudType=Consumer;environment=Prod_SoutheastAsia_000j;migrationStage=NotStarted}
